<?xml version="1.0" encoding="UTF-8"?>
<!-- Generated by org.testng.reporters.JUnitReportReporter -->
<testsuite skipped="0" hostname="Lenovo-PC" name="com.crm.contacts.test.Amazon" tests="1" failures="0" timestamp="24 Nov 2018 08:45:11 GMT" time="15.113" errors="0">
  <testcase name="loginAmazon" time="15.113" classname="com.crm.contacts.test.Amazon"/>
</testsuite> <!-- com.crm.contacts.test.Amazon -->
