<?xml version="1.0" encoding="UTF-8"?>
<!-- Generated by org.testng.reporters.JUnitReportReporter -->
<testsuite skipped="0" hostname="Lenovo-PC" name="com.crm.createCampaignTestScripts.CreateCampaign" tests="1" failures="0" timestamp="27 Oct 2018 15:06:11 GMT" time="20.341" errors="0">
  <testcase name="createCampaignTC_04" time="20.341" classname="com.crm.createCampaignTestScripts.CreateCampaign"/>
</testsuite> <!-- com.crm.createCampaignTestScripts.CreateCampaign -->
