<?xml version="1.0" encoding="UTF-8"?>
<!-- Generated by org.testng.reporters.JUnitReportReporter -->
<testsuite skipped="0" hostname="Lenovo-PC" name="com.actitime.customer.Customer" tests="3" failures="0" timestamp="26 Nov 2018 09:00:29 GMT" time="35.448" errors="0">
  <testcase name="createCustomer" time="12.226" classname="com.actitime.customer.Customer"/>
  <testcase name="createCustomer" time="11.419" classname="com.actitime.customer.Customer"/>
  <testcase name="createCustomer" time="11.803" classname="com.actitime.customer.Customer"/>
</testsuite> <!-- com.actitime.customer.Customer -->
