<?xml version="1.0" encoding="UTF-8"?>
<!-- Generated by org.testng.reporters.JUnitReportReporter -->
<testsuite skipped="2" hostname="Lenovo-PC" name="com.crm.searchContactTestScripts.SendMail" tests="2" failures="0" timestamp="23 Nov 2018 15:56:04 GMT" time="0.000" errors="0">
  <testcase name="sendMailTC_47" time="0.000" classname="com.crm.searchContactTestScripts.SendMail">
    <skipped/>
  </testcase> <!-- sendMailTC_47 -->
  <testcase name="sendMailTC_33" time="0.000" classname="com.crm.searchContactTestScripts.SendMail">
    <skipped/>
  </testcase> <!-- sendMailTC_33 -->
</testsuite> <!-- com.crm.searchContactTestScripts.SendMail -->
