<?xml version="1.0" encoding="UTF-8"?>
<!-- Generated by org.testng.reporters.JUnitReportReporter -->
<testsuite skipped="2" hostname="Lenovo-PC" name="com.crm.CampaignTestScripts.CreateCampaign" tests="5" failures="0" timestamp="26 Nov 2018 09:54:06 GMT" time="45.571" errors="0">
  <testcase name="cancelCampaignTC_05" time="14.929" classname="com.crm.CampaignTestScripts.CreateCampaign"/>
  <testcase name="cancelCampaignTC_05" time="16.082" classname="com.crm.CampaignTestScripts.CreateCampaign"/>
  <testcase name="cancelCampaignTC_05" time="14.560" classname="com.crm.CampaignTestScripts.CreateCampaign"/>
  <testcase name="modifyCampaignTC_06" classname="com.crm.CampaignTestScripts.CreateCampaign">
    <skipped/>
  </testcase> <!-- modifyCampaignTC_06 -->
  <testcase name="createCampaignTC_04" classname="com.crm.CampaignTestScripts.CreateCampaign">
    <skipped/>
  </testcase> <!-- createCampaignTC_04 -->
</testsuite> <!-- com.crm.CampaignTestScripts.CreateCampaign -->
