<?xml version="1.0" encoding="UTF-8"?>
<!-- Generated by org.testng.reporters.JUnitReportReporter -->
<testsuite skipped="0" hostname="Lenovo-PC" name="com.crm.contacts.test.FaceBook" tests="1" failures="0" timestamp="24 Nov 2018 07:41:23 GMT" time="12.091" errors="0">
  <testcase name="loginFaceBook" time="12.091" classname="com.crm.contacts.test.FaceBook"/>
</testsuite> <!-- com.crm.contacts.test.FaceBook -->
