<?xml version="1.0" encoding="UTF-8"?>
<!-- Generated by org.testng.reporters.JUnitReportReporter -->
<testsuite skipped="0" hostname="Lenovo-PC" name="com.crm.contacts.test.FlipKart" tests="1" failures="0" timestamp="23 Nov 2018 16:06:06 GMT" time="15.435" errors="0">
  <testcase name="openFlipKart" time="15.435" classname="com.crm.contacts.test.FlipKart"/>
</testsuite> <!-- com.crm.contacts.test.FlipKart -->
