<?xml version="1.0" encoding="UTF-8"?>
<!-- Generated by org.testng.reporters.JUnitReportReporter -->
<testsuite skipped="0" hostname="Lenovo-PC" name="com.crm.contacts.test.GMail" tests="1" failures="0" timestamp="24 Nov 2018 09:18:38 GMT" time="11.896" errors="0">
  <testcase name="loginGmail" time="11.896" classname="com.crm.contacts.test.GMail"/>
</testsuite> <!-- com.crm.contacts.test.GMail -->
